<?xml version="1.0" encoding="UTF-8"?>
<!-- Generated by org.testng.reporters.JUnitReportReporter -->
<testsuite hostname="LAPTOP-SN20H6K6" failures="0" tests="10" name="com.wperest.blooddonor.tests.FormAutomationTest" time="443.540" errors="0" timestamp="2024-10-23T11:21:41 IST" skipped="0">
  <testcase classname="com.wperest.blooddonor.tests.FormAutomationTest" name="testFormSubmission" time="46.708"/>
  <testcase classname="com.wperest.blooddonor.tests.FormAutomationTest" name="testFormSubmission" time="46.948"/>
  <testcase classname="com.wperest.blooddonor.tests.FormAutomationTest" name="testFormSubmission" time="44.594"/>
  <testcase classname="com.wperest.blooddonor.tests.FormAutomationTest" name="testFormSubmission" time="41.414"/>
  <testcase classname="com.wperest.blooddonor.tests.FormAutomationTest" name="testFormSubmission" time="43.036"/>
  <testcase classname="com.wperest.blooddonor.tests.FormAutomationTest" name="testFormSubmission" time="41.106"/>
  <testcase classname="com.wperest.blooddonor.tests.FormAutomationTest" name="testFormSubmission" time="40.759"/>
  <testcase classname="com.wperest.blooddonor.tests.FormAutomationTest" name="testFormSubmission" time="49.564"/>
  <testcase classname="com.wperest.blooddonor.tests.FormAutomationTest" name="testFormSubmission" time="45.267"/>
  <testcase classname="com.wperest.blooddonor.tests.FormAutomationTest" name="testFormSubmission" time="44.144"/>
</testsuite> <!-- com.wperest.blooddonor.tests.FormAutomationTest -->
